<?xml version="1.0" encoding="UTF-8"?>
<testsuite name="scrap.heap.refactor.balloon.BalloonQuantityTest" tests="1" skipped="0" failures="0" errors="0" timestamp="2019-12-09T08:58:13" hostname="SF-US04044-MBP15.local" time="0.002">
  <properties/>
  <testcase name="testBalloonQuantity" classname="scrap.heap.refactor.balloon.BalloonQuantityTest" time="0.002"/>
  <system-out><![CDATA[]]></system-out>
  <system-err><![CDATA[]]></system-err>
</testsuite>
